# JRE version: Java(TM) SE Runtime Environment (17.0.9+11) (build 17.0.9+11-LTS-201)
# Java VM: Java HotSpot(TM) 64-Bit Server VM (17.0.9+11-LTS-201, mixed mode, sharing, tiered, compressed oops, compressed class ptrs, g1 gc, windows-amd64)
GC Precious Log:
 CPUs: 24 total, 24 available
 Memory: 32541M
 Large Page Support: Disabled
 NUMA Support: Disabled
 Compressed Oops: Enabled (Zero based)
 Heap Region Size: 4M
 Heap Min Capacity: 8M
 Heap Initial Capacity: 512M
 Heap Max Capacity: 8136M
 Pre-touch: Disabled
 Parallel Workers: 18
 Concurrent Workers: 5
 Concurrent Refinement Workers: 18
 Periodic GC: Disabled
Heap:
 garbage-first heap   total 151552K, used 75547K [0x0000000603800000, 0x0000000800000000)
  region size 4096K, 12 young (49152K), 1 survivors (4096K)
 Metaspace       used 29538K, committed 29888K, reserved 1114112K
  class space    used 3807K, committed 3968K, reserved 1048576K
GC Heap History (18 events):
Event: 0.317 GC heap before
{Heap before GC invocations=0 (full 0):
 garbage-first heap   total 524288K, used 20480K [0x0000000603800000, 0x0000000800000000)
  region size 4096K, 6 young (24576K), 0 survivors (0K)
 Metaspace       used 4723K, committed 4928K, reserved 1114112K
  class space    used 553K, committed 640K, reserved 1048576K
}
Event: 0.319 GC heap after
{Heap after GC invocations=1 (full 0):
 garbage-first heap   total 524288K, used 2832K [0x0000000603800000, 0x0000000800000000)
  region size 4096K, 1 young (4096K), 1 survivors (4096K)
 Metaspace       used 4723K, committed 4928K, reserved 1114112K
  class space    used 553K, committed 640K, reserved 1048576K
}
Event: 0.623 GC heap before
{Heap before GC invocations=1 (full 0):
 garbage-first heap   total 524288K, used 43792K [0x0000000603800000, 0x0000000800000000)
  region size 4096K, 12 young (49152K), 1 survivors (4096K)
 Metaspace       used 15090K, committed 15360K, reserved 1114112K
  class space    used 2303K, committed 2432K, reserved 1048576K
}
Event: 0.626 GC heap after
{Heap after GC invocations=2 (full 0):
 garbage-first heap   total 524288K, used 7984K [0x0000000603800000, 0x0000000800000000)
  region size 4096K, 2 young (8192K), 2 survivors (8192K)
 Metaspace       used 15090K, committed 15360K, reserved 1114112K
  class space    used 2303K, committed 2432K, reserved 1048576K
}
Event: 75.478 GC heap before
{Heap before GC invocations=2 (full 0):
 garbage-first heap   total 524288K, used 147248K [0x0000000603800000, 0x0000000800000000)
  region size 4096K, 37 young (151552K), 2 survivors (8192K)
 Metaspace       used 18754K, committed 19072K, reserved 1114112K
  class space    used 2615K, committed 2752K, reserved 1048576K
}
Event: 75.499 GC heap after
{Heap after GC invocations=3 (full 0):
 garbage-first heap   total 524288K, used 28049K [0x0000000603800000, 0x0000000800000000)
  region size 4096K, 5 young (20480K), 5 survivors (20480K)
 Metaspace       used 18754K, committed 19072K, reserved 1114112K
  class space    used 2615K, committed 2752K, reserved 1048576K
}
Event: 76.208 GC heap before
{Heap before GC invocations=3 (full 0):
 garbage-first heap   total 524288K, used 36241K [0x0000000603800000, 0x0000000800000000)
  region size 4096K, 7 young (28672K), 5 survivors (20480K)
 Metaspace       used 18777K, committed 19072K, reserved 1114112K
  class space    used 2615K, committed 2752K, reserved 1048576K
}
Event: 76.212 GC heap after
{Heap after GC invocations=4 (full 0):
 garbage-first heap   total 524288K, used 30412K [0x0000000603800000, 0x0000000800000000)
  region size 4096K, 1 young (4096K), 1 survivors (4096K)
 Metaspace       used 18777K, committed 19072K, reserved 1114112K
  class space    used 2615K, committed 2752K, reserved 1048576K
}
Event: 138.485 GC heap before
{Heap before GC invocations=4 (full 0):
 garbage-first heap   total 524288K, used 210636K [0x0000000603800000, 0x0000000800000000)
  region size 4096K, 46 young (188416K), 1 survivors (4096K)
 Metaspace       used 19408K, committed 19648K, reserved 1114112K
  class space    used 2622K, committed 2752K, reserved 1048576K
}
Event: 138.488 GC heap after
{Heap after GC invocations=5 (full 0):
 garbage-first heap   total 524288K, used 32459K [0x0000000603800000, 0x0000000800000000)
  region size 4096K, 1 young (4096K), 1 survivors (4096K)
 Metaspace       used 19408K, committed 19648K, reserved 1114112K
  class space    used 2622K, committed 2752K, reserved 1048576K
}
Event: 199.505 GC heap before
{Heap before GC invocations=5 (full 0):
 garbage-first heap   total 524288K, used 204491K [0x0000000603800000, 0x0000000800000000)
  region size 4096K, 45 young (184320K), 1 survivors (4096K)
 Metaspace       used 21301K, committed 21504K, reserved 1114112K
  class space    used 2758K, committed 2880K, reserved 1048576K
}
Event: 199.507 GC heap after
{Heap after GC invocations=6 (full 0):
 garbage-first heap   total 524288K, used 37045K [0x0000000603800000, 0x0000000800000000)
  region size 4096K, 2 young (8192K), 2 survivors (8192K)
 Metaspace       used 21301K, committed 21504K, reserved 1114112K
  class space    used 2758K, committed 2880K, reserved 1048576K
}
Event: 439.659 GC heap before
{Heap before GC invocations=7 (full 0):
 garbage-first heap   total 151552K, used 123061K [0x0000000603800000, 0x0000000800000000)
  region size 4096K, 24 young (98304K), 2 survivors (8192K)
 Metaspace       used 29501K, committed 29760K, reserved 1114112K
  class space    used 3806K, committed 3968K, reserved 1048576K
}
Event: 439.662 GC heap after
{Heap after GC invocations=8 (full 0):
 garbage-first heap   total 151552K, used 38689K [0x0000000603800000, 0x0000000800000000)
  region size 4096K, 3 young (12288K), 3 survivors (12288K)
 Metaspace       used 29501K, committed 29760K, reserved 1114112K
  class space    used 3806K, committed 3968K, reserved 1048576K
}
Event: 531.555 GC heap before
{Heap before GC invocations=8 (full 0):
 garbage-first heap   total 151552K, used 42785K [0x0000000603800000, 0x0000000800000000)
  region size 4096K, 4 young (16384K), 3 survivors (12288K)
 Metaspace       used 29510K, committed 29760K, reserved 1114112K
  class space    used 3807K, committed 3968K, reserved 1048576K
}
Event: 531.558 GC heap after
{Heap after GC invocations=9 (full 0):
 garbage-first heap   total 151552K, used 34282K [0x0000000603800000, 0x0000000800000000)
  region size 4096K, 1 young (4096K), 1 survivors (4096K)
 Metaspace       used 29510K, committed 29760K, reserved 1114112K
  class space    used 3807K, committed 3968K, reserved 1048576K
}
Event: 559.139 GC heap before
{Heap before GC invocations=9 (full 0):
 garbage-first heap   total 151552K, used 108010K [0x0000000603800000, 0x0000000800000000)
  region size 4096K, 20 young (81920K), 1 survivors (4096K)
 Metaspace       used 29531K, committed 29824K, reserved 1114112K
  class space    used 3807K, committed 3968K, reserved 1048576K
}
Event: 559.140 GC heap after
{Heap after GC invocations=10 (full 0):
 garbage-first heap   total 151552K, used 34587K [0x0000000603800000, 0x0000000800000000)
  region size 4096K, 1 young (4096K), 1 survivors (4096K)
 Metaspace       used 29531K, committed 29824K, reserved 1114112K
  class space    used 3807K, committed 3968K, reserved 1048576K
}

